<?xml version="1.0" encoding="UTF-8"?>
<!-- Generated by org.testng.reporters.JUnitReportReporter -->
<testsuite hostname="DESKTOP-RGL4EEL" failures="0" tests="2" name="TestNGtest.testngcode" time="0.016" errors="0" timestamp="2023-03-08T14:05:53 EST" skipped="0">
  <testcase classname="TestNGtest.testngcode" name="TestCase2WithPriority" time="0.014"/>
  <system-out/>
  <testcase classname="TestNGtest.testngcode" name="TestCase1WithPriority" time="0.002"/>
  <system-out/>
</testsuite> <!-- TestNGtest.testngcode -->
