<?xml version="1.0" encoding="UTF-8"?>
<!-- Generated by org.testng.reporters.JUnitReportReporter -->
<testsuite hostname="DESKTOP-RGL4EEL" failures="0" tests="1" name="TestNGtest.Parameterizedtest" time="0.015" errors="0" timestamp="2023-03-08T20:59:45 EST" skipped="0">
  <testcase classname="TestNGtest.Parameterizedtest" name="parameterTest" time="0.015"/>
  <system-out/>
</testsuite> <!-- TestNGtest.Parameterizedtest -->
